
2023-12-02 16:16:56,974 - root - INFO - A reservation have been declined due to time exceeding the time limit made by user with ID:4432008310 for the cart with Plate number:2222 and Location {college of sciences}and Start time=10:30 and End time=11:01 and Date=12/12/2023
2023-12-02 16:16:56,996 - root - INFO - A reservation have been declined due to time exceeding the time limit made by user with ID:4432008310 for the cart with Plate number:2222 and Location {college of sciences}and Start time=10:30 and End time=11:01 and Date=12/12/2023
2023-12-02 16:17:08,193 - root - INFO - A reservation have been successfully made by user with ID:4432008310 for the cart with Plate number:2222 and Location college of sciences and Start time=10:30 and End time=11:00 and date=12/12/2023
2023-12-02 16:19:44,552 - root - INFO - A reservation have been declined due to not entering the right format for time made by user with ID:4432004860 for the cart with Plate number:1111 and Location {college of medicine}and Start time=10: and End time=11:30 and Date=14/12/2023
2023-12-02 16:20:00,975 - root - INFO - A reservation have been declined due to conflict in time made by user with ID:4432004860 for the cart with Plate number:2222 and Location {college of sciences}and Start time=10:30 and End time=11:00 and Date=12/12/2023
2023-12-02 16:20:08,463 - root - INFO - A reservation have been successfully made by user with ID:4432004860 for the cart with Plate number:1111 and Location college of medicine and Start time=10:30 and End time=11:00 and date=14/12/2023
2023-12-02 16:21:57,758 - root - INFO - A reservation have been successfully made by user with ID:442201 for the cart with Plate number:4444 and Location CBA and Start time=14:30 and End time=15:32 and date=02/12/2023
2023-12-02 16:22:28,001 - root - INFO - A reservation have been successfully made by user with ID:442201 for the cart with Plate number:4444 and Location CBA and Start time=14:30 and End time=15:30 and date=16/12/2023
2023-12-02 16:22:46,156 - root - INFO - A reservation have been declined due to time exceeding the time limit made by user with ID:442201 for the cart with Plate number:3333 and Location {college of pharmacy}3333 and Location {college of pharmacy}and Start time=14:30 and End time=17:00 and Date=16/12/2023
2023-12-02 16:22:46,156 - root - INFO - A reservation have been declined due to time exceeding the time limit made by user with ID:442201 for the cart with Plate number:3333 and Location {college of pharmacy}3333 and Location {college of pharmacy}and Start time=14:30 and End time=17:00 and Date=16/12/2023
2023-12-02 16:24:28,599 - root - INFO - A reservation have been successfully made by user with ID:443201 for the cart with Plate number:5555 and Location College of Computer and Information Sciences and Start time=08:00 and End time=09:00 and date=14/01/2024
2023-12-02 16:24:46,883 - root - INFO - A reservation have been declined due to entering invalid time made by user with ID:443201 for the cart with Plate number:5555 and Location {College of Computer and Information Sciences}and Start time=10:00 and End time=09:00 and Date=14/01/2024
2023-12-02 16:24:46,885 - root - INFO - A reservation have been declined due to entering invalid time made by user with ID:443201 for the cart with Plate number:5555 and Location {College of Computer and Information Sciences}and Start time=10:00 and End time=09:00 and Date=14/01/2024
2023-12-02 16:59:21,823 - root - INFO - A reservation have been successfully made by user with ID:443201 for the cart with Plate number:1111 and Location college of medicine and Start time=10:20 and End time=10:30 and date=12/02/2023
2023-12-02 17:00:44,061 - root - INFO - A reservation have been declined due to entering invalid time made by user with ID:442201 for the cart with Plate number:1111 and Location {college of medicine}and Start time=10:00 and End time=09:00 and Date=12/12/2023
2023-12-02 17:00:44,061 - root - INFO - A reservation have been declined due to entering invalid time made by user with ID:442201 for the cart with Plate number:1111 and Location {college of medicine}and Start time=10:00 and End time=09:00 and Date=12/12/2023
2023-12-02 17:01:43,865 - root - INFO - have been declined due to not entering the right format for date made by user with ID:442201 for the cart with Plate number:1111 and Location {college of medicine}and Start time=14:30 and End time=15:30 and Date=16/21/2023
2023-12-02 17:01:58,623 - root - INFO - A reservation have been successfully made by user with ID:442201 for the cart with Plate number:1111 and Location college of medicine and Start time=14:30 and End time=15:30 and date=16/12/2023
2023-12-02 17:02:28,700 - root - INFO - A reservation have been declined due to conflict in time made by user with ID:442201 for the cart with Plate number:4444 and Location CBAand Start time=14:30 and End time=15:30 and Date=16/12/2023
2023-12-02 17:29:43,610 - root - INFO - A reservation have been declined due to time exceeding the time limit made by user with ID:111111 for the cart with Plate number:1234 and Location {college of nursing}1234 and Location {college of nursing}and Start time=13:00 and End time=15:00 and Date=18/12/2023
2023-12-02 17:29:43,610 - root - INFO - A reservation have been declined due to time exceeding the time limit made by user with ID:111111 for the cart with Plate number:1234 and Location {college of nursing}1234 and Location {college of nursing}and Start time=13:00 and End time=15:00 and Date=18/12/2023
2023-12-02 17:29:50,523 - root - INFO - A reservation have been successfully made by user with ID:111111 for the cart with Plate number:1234 and Location college of nursing and Start time=13:00 and End time=14:30 and date=18/12/2023
2023-12-02 17:45:09,155 - root - INFO - A reservation have been declined due to time exceeding the time limit made by user with ID:2222222222 for the cart with Plate number:5555 and Location {College of Computer and Information Sciences}and Start time=10:00 and End time=11:00 and Date=20/12/2023
2023-12-02 17:45:09,155 - root - INFO - A reservation have been declined due to time exceeding the time limit made by user with ID:2222222222 for the cart with Plate number:5555 and Location {College of Computer and Information Sciences}and Start time=10:00 and End time=11:00 and Date=20/12/2023
2023-12-02 17:45:16,909 - root - INFO - A reservation have been successfully made by user with ID:2222222222 for the cart with Plate number:5555 and Location College of Computer and Information Sciences and Start time=10:00 and End time=10:30 and date=20/12/2023
